2016-08-04T04:05:49+03:00 INFO (6): Успешно отработал index.php
2016-08-04T04:08:24+03:00 INFO (6): Запущен index.php
2016-08-04T04:08:24+03:00 INFO (6): Подключаем функции пользователя earthundead
2016-08-04T04:08:24+03:00 INFO (6): функции пользователя earthundead успешно подключены
2016-08-04T04:08:24+03:00 INFO (6): Подключены функции для работы с данной конкретной БД на базе MySql пользователя earthundead
2016-08-04T04:08:24+03:00 INFO (6): Успешно отработали функции для работы с данной конкретной БД на базе MySql пользователя earthundead
2016-08-04T04:08:24+03:00 INFO (6): Подключен mysql
2016-08-04T04:08:24+03:00 INFO (6): Подключена БД = 1
2016-08-04T04:08:24+03:00 INFO (6): Подключены функции для нахождения кратчайшего пути пользователя earthundead
2016-08-04T04:08:24+03:00 INFO (6): Успешно отработали функции для нахождения кратчайшего пути пользователя earthundead
2016-08-04T04:08:24+03:00 INFO (6): Подключаем функции Для работы с изображениями пользователя earthundead
2016-08-04T04:08:24+03:00 INFO (6): функции Для работы с изображениями пользователя earthundead успешно подключены
2016-08-04T04:08:24+03:00 INFO (6): попытка подключения основной модуль тестовой программы на PHP пользователя earthundead
2016-08-04T04:08:24+03:00 INFO (6): Успешно подключен основной модуль тестовой программы на PHP пользователя earthundead
2016-08-04T04:08:24+03:00 INFO (6): Default Action is : viewform
2016-08-04T04:08:24+03:00 INFO (6): Point1XY : 868,513
2016-08-04T04:08:24+03:00 INFO (6): Point2XY : 107,558
2016-08-04T04:08:24+03:00 INFO (6): Выводимый Front : X,Y,Шаг,Длина,(Название локации) totalcount = 1
2016-08-04T04:08:24+03:00 INFO (6): FrontRow : 868,513,0,1,(Crystal Palase)
2016-08-04T04:08:24+03:00 INFO (6): Выводимый Front : X,Y,Шаг,Длина,(Название локации) totalcount = 2
2016-08-04T04:08:24+03:00 INFO (6): FrontRow : 883,580,1,1,(Stone Rejoicing)
2016-08-04T04:08:24+03:00 INFO (6): FrontRow : 824,328,1,1,(Stone Forge)
2016-08-04T04:08:24+03:00 INFO (6): Выводимый Front : X,Y,Шаг,Длина,(Название локации) totalcount = 2
2016-08-04T04:08:24+03:00 INFO (6): FrontRow : 913,739,2,1,(Ruorven)
2016-08-04T04:08:24+03:00 INFO (6): FrontRow : 979,152,2,1,(Kal-Saitharak)
2016-08-04T04:08:24+03:00 INFO (6): Выводимый Front : X,Y,Шаг,Длина,(Название локации) totalcount = 3
2016-08-04T04:08:24+03:00 INFO (6): FrontRow : 735,756,3,1,(Ansien)
2016-08-04T04:08:24+03:00 INFO (6): FrontRow : 921,347,3,1,(Moirel)
2016-08-04T04:08:24+03:00 INFO (6): FrontRow : 637,136,3,1,(Thorn Throne)
2016-08-04T04:08:24+03:00 INFO (6): Выводимый Front : X,Y,Шаг,Длина,(Название локации) totalcount = 3
2016-08-04T04:08:24+03:00 INFO (6): FrontRow : 749,961,4,1,(Castle Aglondier)
2016-08-04T04:08:24+03:00 INFO (6): FrontRow : 484,641,4,1,(Hillbrant)
2016-08-04T04:08:24+03:00 INFO (6): FrontRow : 476,250,4,1,(Caerlinien)
2016-08-04T04:08:24+03:00 INFO (6): Выводимый Front : X,Y,Шаг,Длина,(Название локации) totalcount = 7
2016-08-04T04:08:24+03:00 INFO (6): FrontRow : 586,984,5,1,(Braeme)
2016-08-04T04:08:24+03:00 INFO (6): FrontRow : 853,865,5,1,(Caer Callin)
2016-08-04T04:08:24+03:00 INFO (6): FrontRow : 488,513,5,1,(Belvadruor)
2016-08-04T04:08:24+03:00 INFO (6): FrontRow : 245,551,5,1,(Castle Haes)
2016-08-04T04:08:24+03:00 INFO (6): FrontRow : 311,455,5,1,(Sorentier)
2016-08-04T04:08:24+03:00 INFO (6): FrontRow : 467,324,5,1,(Gaelins Keep)
2016-08-04T04:08:24+03:00 INFO (6): FrontRow : 122,101,5,1,(Rose Palase)
2016-08-04T04:08:24+03:00 INFO (6): Выводимый Front : X,Y,Шаг,Длина,(Название локации) totalcount = 4
2016-08-04T04:08:24+03:00 INFO (6): FrontRow : 434,952,6,1,(Aeriele)
2016-08-04T04:08:24+03:00 INFO (6): FrontRow : 191,481,6,1,(Black Stone)
2016-08-04T04:08:24+03:00 INFO (6): FrontRow : 311,425,6,1,(Brak-Nor Castle)
2016-08-04T04:08:24+03:00 INFO (6): FrontRow : 107,558,6,1,(Seaharrow)
2016-08-04T04:08:24+03:00 INFO (6): Выводимый Front : X,Y,Шаг,Длина,(Название локации) totalcount = 4
2016-08-04T04:08:24+03:00 INFO (6): FrontRow : 334,942,7,1,(City of Anuire)
2016-08-04T04:08:24+03:00 INFO (6): FrontRow : 344,336,7,1,(Malentors tower)
2016-08-04T04:08:24+03:00 INFO (6): FrontRow : 103,795,7,1,(Stormpoint)
2016-08-04T04:08:24+03:00 INFO (6): FrontRow : 312,741,7,1,(Elfwash Keep)
2016-08-04T04:08:24+03:00 INFO (6): Выводимый Front : X,Y,Шаг,Длина,(Название локации) totalcount = 4
2016-08-04T04:08:24+03:00 INFO (6): FrontRow : 292,890,8,1,(Daulton)
2016-08-04T04:08:24+03:00 INFO (6): FrontRow : 434,852,8,1,(Falcon roost)
2016-08-04T04:08:24+03:00 INFO (6): FrontRow : 202,980,8,1,(Bindier)
2016-08-04T04:08:24+03:00 INFO (6): FrontRow : 209,731,8,1,(tower Ruannoch)
2016-08-04T04:08:24+03:00 INFO (6): Выводимый Front : X,Y,Шаг,Длина,(Название локации) totalcount = 1
2016-08-04T04:08:24+03:00 INFO (6): FrontRow : 456,835,9,1,(Spider lair)
2016-08-04T04:08:24+03:00 INFO (6): Окончательно имеем точки и расстояния:
2016-08-04T04:08:24+03:00 INFO (6): Выводимый Front : X,Y,Шаг,Длина,(Название локации) totalcount = 31
2016-08-04T04:08:24+03:00 INFO (6): FrontRow : 868,513,0,1,(Crystal Palase)
2016-08-04T04:08:24+03:00 INFO (6): FrontRow : 883,580,1,1,(Stone Rejoicing)
2016-08-04T04:08:24+03:00 INFO (6): FrontRow : 824,328,1,1,(Stone Forge)
2016-08-04T04:08:24+03:00 INFO (6): FrontRow : 913,739,2,1,(Ruorven)
2016-08-04T04:08:24+03:00 INFO (6): FrontRow : 979,152,2,1,(Kal-Saitharak)
2016-08-04T04:08:24+03:00 INFO (6): FrontRow : 735,756,3,1,(Ansien)
2016-08-04T04:08:24+03:00 INFO (6): FrontRow : 921,347,3,1,(Moirel)
2016-08-04T04:08:24+03:00 INFO (6): FrontRow : 637,136,3,1,(Thorn Throne)
2016-08-04T04:08:24+03:00 INFO (6): FrontRow : 749,961,4,1,(Castle Aglondier)
2016-08-04T04:08:24+03:00 INFO (6): FrontRow : 484,641,4,1,(Hillbrant)
2016-08-04T04:08:24+03:00 INFO (6): FrontRow : 476,250,4,1,(Caerlinien)
2016-08-04T04:08:24+03:00 INFO (6): FrontRow : 586,984,5,1,(Braeme)
2016-08-04T04:08:24+03:00 INFO (6): FrontRow : 853,865,5,1,(Caer Callin)
2016-08-04T04:08:24+03:00 INFO (6): FrontRow : 488,513,5,1,(Belvadruor)
2016-08-04T04:08:24+03:00 INFO (6): FrontRow : 245,551,5,1,(Castle Haes)
2016-08-04T04:08:24+03:00 INFO (6): FrontRow : 311,455,5,1,(Sorentier)
2016-08-04T04:08:24+03:00 INFO (6): FrontRow : 467,324,5,1,(Gaelins Keep)
2016-08-04T04:08:24+03:00 INFO (6): FrontRow : 122,101,5,1,(Rose Palase)
2016-08-04T04:08:24+03:00 INFO (6): FrontRow : 434,952,6,1,(Aeriele)
2016-08-04T04:08:24+03:00 INFO (6): FrontRow : 191,481,6,1,(Black Stone)
2016-08-04T04:08:24+03:00 INFO (6): FrontRow : 311,425,6,1,(Brak-Nor Castle)
2016-08-04T04:08:24+03:00 INFO (6): FrontRow : 107,558,6,1,(Seaharrow)
2016-08-04T04:08:24+03:00 INFO (6): FrontRow : 334,942,7,1,(City of Anuire)
2016-08-04T04:08:24+03:00 INFO (6): FrontRow : 344,336,7,1,(Malentors tower)
2016-08-04T04:08:24+03:00 INFO (6): FrontRow : 103,795,7,1,(Stormpoint)
2016-08-04T04:08:24+03:00 INFO (6): FrontRow : 312,741,7,1,(Elfwash Keep)
2016-08-04T04:08:24+03:00 INFO (6): FrontRow : 292,890,8,1,(Daulton)
2016-08-04T04:08:24+03:00 INFO (6): FrontRow : 434,852,8,1,(Falcon roost)
2016-08-04T04:08:24+03:00 INFO (6): FrontRow : 202,980,8,1,(Bindier)
2016-08-04T04:08:24+03:00 INFO (6): FrontRow : 209,731,8,1,(tower Ruannoch)
2016-08-04T04:08:24+03:00 INFO (6): FrontRow : 456,835,9,1,(Spider lair)
2016-08-04T04:08:24+03:00 INFO (6): Находим дорогу назад
2016-08-04T04:08:24+03:00 INFO (6): Path StepsCount = 6, CurrentPoint x = 107,CurrentPoint y = 558
2016-08-04T04:08:24+03:00 INFO (6): Path Step = 6, Количество, найденных точек для перебора = 4
2016-08-04T04:08:24+03:00 INFO (6): Path Step = 5, Количество, найденных точек для перебора = 2
2016-08-04T04:08:24+03:00 INFO (6): Path Step = 4, Количество, найденных точек для перебора = 3
2016-08-04T04:08:24+03:00 INFO (6): Path Step = 3, Количество, найденных точек для перебора = 2
2016-08-04T04:08:24+03:00 INFO (6): Path Step = 2, Количество, найденных точек для перебора = 2
2016-08-04T04:08:24+03:00 INFO (6): Path Step = 1, Количество, найденных точек для перебора = 2
2016-08-04T04:08:24+03:00 INFO (6): Найденный путь назад:
2016-08-04T04:08:24+03:00 INFO (6): Выводимый Front : X,Y,Шаг,Длина,(Название локации) totalcount = 7
2016-08-04T04:08:24+03:00 INFO (6): FrontRow : 107,558,6,1,(Seaharrow)
2016-08-04T04:08:24+03:00 INFO (6): FrontRow : 122,101,5,1,(Rose Palase)
2016-08-04T04:08:24+03:00 INFO (6): FrontRow : 476,250,4,1,(Caerlinien)
2016-08-04T04:08:24+03:00 INFO (6): FrontRow : 637,136,3,1,(Thorn Throne)
2016-08-04T04:08:24+03:00 INFO (6): FrontRow : 979,152,2,1,(Kal-Saitharak)
2016-08-04T04:08:24+03:00 INFO (6): FrontRow : 824,328,1,1,(Stone Forge)
2016-08-04T04:08:24+03:00 INFO (6): FrontRow : 868,513,0,1,(Crystal Palase)
2016-08-04T04:08:24+03:00 INFO (6): Ссылка на картинку, где будем рисовать: Resource id #26
2016-08-04T04:08:24+03:00 INFO (6): Ссылка на картинку, где будем рисовать: Resource id #26
2016-08-04T04:08:24+03:00 INFO (6): Ссылка на картинку, где будем рисовать стрелки: Resource id #26
2016-08-04T04:08:24+03:00 INFO (6): Ссылка на выводимую картинку: Resource id #26
2016-08-04T04:08:24+03:00 INFO (6): Успех сохранения картинки в файл map.png c помощью png : 1
2016-08-04T04:08:24+03:00 INFO (6): Успешно отработал index.php
2016-08-04T04:08:25+03:00 INFO (6): Запущен index.php
2016-08-04T04:08:25+03:00 INFO (6): Подключаем функции пользователя earthundead
2016-08-04T04:08:25+03:00 INFO (6): функции пользователя earthundead успешно подключены
2016-08-04T04:08:25+03:00 INFO (6): Подключены функции для работы с данной конкретной БД на базе MySql пользователя earthundead
2016-08-04T04:08:25+03:00 INFO (6): Успешно отработали функции для работы с данной конкретной БД на базе MySql пользователя earthundead
2016-08-04T04:08:25+03:00 INFO (6): Подключен mysql
2016-08-04T04:08:25+03:00 INFO (6): Подключена БД = 1
2016-08-04T04:08:25+03:00 INFO (6): Подключены функции для нахождения кратчайшего пути пользователя earthundead
2016-08-04T04:08:25+03:00 INFO (6): Успешно отработали функции для нахождения кратчайшего пути пользователя earthundead
2016-08-04T04:08:25+03:00 INFO (6): Подключаем функции Для работы с изображениями пользователя earthundead
2016-08-04T04:08:25+03:00 INFO (6): функции Для работы с изображениями пользователя earthundead успешно подключены
2016-08-04T04:08:25+03:00 INFO (6): попытка подключения основной модуль тестовой программы на PHP пользователя earthundead
2016-08-04T04:08:25+03:00 INFO (6): Успешно подключен основной модуль тестовой программы на PHP пользователя earthundead
2016-08-04T04:08:25+03:00 INFO (6): Default Action is : viewform
2016-08-04T04:08:25+03:00 INFO (6): Point1XY : 868,513
2016-08-04T04:08:25+03:00 INFO (6): Point2XY : 107,558
2016-08-04T04:08:25+03:00 INFO (6): Выводимый Front : X,Y,Шаг,Длина,(Название локации) totalcount = 1
2016-08-04T04:08:25+03:00 INFO (6): FrontRow : 868,513,0,1,(Crystal Palase)
2016-08-04T04:08:25+03:00 INFO (6): Выводимый Front : X,Y,Шаг,Длина,(Название локации) totalcount = 2
2016-08-04T04:08:25+03:00 INFO (6): FrontRow : 883,580,1,1,(Stone Rejoicing)
2016-08-04T04:08:25+03:00 INFO (6): FrontRow : 824,328,1,1,(Stone Forge)
2016-08-04T04:08:25+03:00 INFO (6): Выводимый Front : X,Y,Шаг,Длина,(Название локации) totalcount = 2
2016-08-04T04:08:25+03:00 INFO (6): FrontRow : 913,739,2,1,(Ruorven)
2016-08-04T04:08:25+03:00 INFO (6): FrontRow : 979,152,2,1,(Kal-Saitharak)
2016-08-04T04:08:25+03:00 INFO (6): Выводимый Front : X,Y,Шаг,Длина,(Название локации) totalcount = 3
2016-08-04T04:08:25+03:00 INFO (6): FrontRow : 735,756,3,1,(Ansien)
2016-08-04T04:08:25+03:00 INFO (6): FrontRow : 921,347,3,1,(Moirel)
2016-08-04T04:08:25+03:00 INFO (6): FrontRow : 637,136,3,1,(Thorn Throne)
2016-08-04T04:08:25+03:00 INFO (6): Выводимый Front : X,Y,Шаг,Длина,(Название локации) totalcount = 3
2016-08-04T04:08:25+03:00 INFO (6): FrontRow : 749,961,4,1,(Castle Aglondier)
2016-08-04T04:08:25+03:00 INFO (6): FrontRow : 484,641,4,1,(Hillbrant)
2016-08-04T04:08:25+03:00 INFO (6): FrontRow : 476,250,4,1,(Caerlinien)
2016-08-04T04:08:25+03:00 INFO (6): Выводимый Front : X,Y,Шаг,Длина,(Название локации) totalcount = 7
2016-08-04T04:08:25+03:00 INFO (6): FrontRow : 586,984,5,1,(Braeme)
2016-08-04T04:08:25+03:00 INFO (6): FrontRow : 853,865,5,1,(Caer Callin)
2016-08-04T04:08:25+03:00 INFO (6): FrontRow : 488,513,5,1,(Belvadruor)
2016-08-04T04:08:25+03:00 INFO (6): FrontRow : 245,551,5,1,(Castle Haes)
2016-08-04T04:08:25+03:00 INFO (6): FrontRow : 311,455,5,1,(Sorentier)
2016-08-04T04:08:25+03:00 INFO (6): FrontRow : 467,324,5,1,(Gaelins Keep)
2016-08-04T04:08:25+03:00 INFO (6): FrontRow : 122,101,5,1,(Rose Palase)
2016-08-04T04:08:25+03:00 INFO (6): Выводимый Front : X,Y,Шаг,Длина,(Название локации) totalcount = 4
2016-08-04T04:08:25+03:00 INFO (6): FrontRow : 434,952,6,1,(Aeriele)
2016-08-04T04:08:25+03:00 INFO (6): FrontRow : 191,481,6,1,(Black Stone)
2016-08-04T04:08:25+03:00 INFO (6): FrontRow : 311,425,6,1,(Brak-Nor Castle)
2016-08-04T04:08:25+03:00 INFO (6): FrontRow : 107,558,6,1,(Seaharrow)
2016-08-04T04:08:25+03:00 INFO (6): Выводимый Front : X,Y,Шаг,Длина,(Название локации) totalcount = 4
2016-08-04T04:08:25+03:00 INFO (6): FrontRow : 334,942,7,1,(City of Anuire)
2016-08-04T04:08:25+03:00 INFO (6): FrontRow : 344,336,7,1,(Malentors tower)
2016-08-04T04:08:25+03:00 INFO (6): FrontRow : 103,795,7,1,(Stormpoint)
2016-08-04T04:08:25+03:00 INFO (6): FrontRow : 312,741,7,1,(Elfwash Keep)
2016-08-04T04:08:25+03:00 INFO (6): Выводимый Front : X,Y,Шаг,Длина,(Название локации) totalcount = 4
2016-08-04T04:08:25+03:00 INFO (6): FrontRow : 292,890,8,1,(Daulton)
2016-08-04T04:08:25+03:00 INFO (6): FrontRow : 434,852,8,1,(Falcon roost)
2016-08-04T04:08:25+03:00 INFO (6): FrontRow : 202,980,8,1,(Bindier)
2016-08-04T04:08:25+03:00 INFO (6): FrontRow : 209,731,8,1,(tower Ruannoch)
2016-08-04T04:08:25+03:00 INFO (6): Выводимый Front : X,Y,Шаг,Длина,(Название локации) totalcount = 1
2016-08-04T04:08:25+03:00 INFO (6): FrontRow : 456,835,9,1,(Spider lair)
2016-08-04T04:08:25+03:00 INFO (6): Окончательно имеем точки и расстояния:
2016-08-04T04:08:25+03:00 INFO (6): Выводимый Front : X,Y,Шаг,Длина,(Название локации) totalcount = 31
2016-08-04T04:08:25+03:00 INFO (6): FrontRow : 868,513,0,1,(Crystal Palase)
2016-08-04T04:08:25+03:00 INFO (6): FrontRow : 883,580,1,1,(Stone Rejoicing)
2016-08-04T04:08:25+03:00 INFO (6): FrontRow : 824,328,1,1,(Stone Forge)
2016-08-04T04:08:25+03:00 INFO (6): FrontRow : 913,739,2,1,(Ruorven)
2016-08-04T04:08:25+03:00 INFO (6): FrontRow : 979,152,2,1,(Kal-Saitharak)
2016-08-04T04:08:25+03:00 INFO (6): FrontRow : 735,756,3,1,(Ansien)
2016-08-04T04:08:25+03:00 INFO (6): FrontRow : 921,347,3,1,(Moirel)
2016-08-04T04:08:25+03:00 INFO (6): FrontRow : 637,136,3,1,(Thorn Throne)
2016-08-04T04:08:25+03:00 INFO (6): FrontRow : 749,961,4,1,(Castle Aglondier)
2016-08-04T04:08:25+03:00 INFO (6): FrontRow : 484,641,4,1,(Hillbrant)
2016-08-04T04:08:25+03:00 INFO (6): FrontRow : 476,250,4,1,(Caerlinien)
2016-08-04T04:08:25+03:00 INFO (6): FrontRow : 586,984,5,1,(Braeme)
2016-08-04T04:08:25+03:00 INFO (6): FrontRow : 853,865,5,1,(Caer Callin)
2016-08-04T04:08:25+03:00 INFO (6): FrontRow : 488,513,5,1,(Belvadruor)
2016-08-04T04:08:25+03:00 INFO (6): FrontRow : 245,551,5,1,(Castle Haes)
2016-08-04T04:08:25+03:00 INFO (6): FrontRow : 311,455,5,1,(Sorentier)
2016-08-04T04:08:25+03:00 INFO (6): FrontRow : 467,324,5,1,(Gaelins Keep)
2016-08-04T04:08:25+03:00 INFO (6): FrontRow : 122,101,5,1,(Rose Palase)
2016-08-04T04:08:25+03:00 INFO (6): FrontRow : 434,952,6,1,(Aeriele)
2016-08-04T04:08:25+03:00 INFO (6): FrontRow : 191,481,6,1,(Black Stone)
2016-08-04T04:08:25+03:00 INFO (6): FrontRow : 311,425,6,1,(Brak-Nor Castle)
2016-08-04T04:08:25+03:00 INFO (6): FrontRow : 107,558,6,1,(Seaharrow)
2016-08-04T04:08:25+03:00 INFO (6): FrontRow : 334,942,7,1,(City of Anuire)
2016-08-04T04:08:25+03:00 INFO (6): FrontRow : 344,336,7,1,(Malentors tower)
2016-08-04T04:08:25+03:00 INFO (6): FrontRow : 103,795,7,1,(Stormpoint)
2016-08-04T04:08:25+03:00 INFO (6): FrontRow : 312,741,7,1,(Elfwash Keep)
2016-08-04T04:08:25+03:00 INFO (6): FrontRow : 292,890,8,1,(Daulton)
2016-08-04T04:08:25+03:00 INFO (6): FrontRow : 434,852,8,1,(Falcon roost)
2016-08-04T04:08:25+03:00 INFO (6): FrontRow : 202,980,8,1,(Bindier)
2016-08-04T04:08:25+03:00 INFO (6): FrontRow : 209,731,8,1,(tower Ruannoch)
2016-08-04T04:08:25+03:00 INFO (6): FrontRow : 456,835,9,1,(Spider lair)
2016-08-04T04:08:25+03:00 INFO (6): Находим дорогу назад
2016-08-04T04:08:25+03:00 INFO (6): Path StepsCount = 6, CurrentPoint x = 107,CurrentPoint y = 558
2016-08-04T04:08:25+03:00 INFO (6): Path Step = 6, Количество, найденных точек для перебора = 4
2016-08-04T04:08:25+03:00 INFO (6): Path Step = 5, Количество, найденных точек для перебора = 2
2016-08-04T04:08:25+03:00 INFO (6): Path Step = 4, Количество, найденных точек для перебора = 3
2016-08-04T04:08:25+03:00 INFO (6): Path Step = 3, Количество, найденных точек для перебора = 2
2016-08-04T04:08:25+03:00 INFO (6): Path Step = 2, Количество, найденных точек для перебора = 2
2016-08-04T04:08:25+03:00 INFO (6): Path Step = 1, Количество, найденных точек для перебора = 2
2016-08-04T04:08:25+03:00 INFO (6): Найденный путь назад:
2016-08-04T04:08:25+03:00 INFO (6): Выводимый Front : X,Y,Шаг,Длина,(Название локации) totalcount = 7
2016-08-04T04:08:25+03:00 INFO (6): FrontRow : 107,558,6,1,(Seaharrow)
2016-08-04T04:08:25+03:00 INFO (6): FrontRow : 122,101,5,1,(Rose Palase)
2016-08-04T04:08:25+03:00 INFO (6): FrontRow : 476,250,4,1,(Caerlinien)
2016-08-04T04:08:25+03:00 INFO (6): FrontRow : 637,136,3,1,(Thorn Throne)
2016-08-04T04:08:25+03:00 INFO (6): FrontRow : 979,152,2,1,(Kal-Saitharak)
2016-08-04T04:08:25+03:00 INFO (6): FrontRow : 824,328,1,1,(Stone Forge)
2016-08-04T04:08:25+03:00 INFO (6): FrontRow : 868,513,0,1,(Crystal Palase)
2016-08-04T04:08:25+03:00 INFO (6): Ссылка на картинку, где будем рисовать: Resource id #25
2016-08-04T04:08:25+03:00 INFO (6): Ссылка на картинку, где будем рисовать: Resource id #25
2016-08-04T04:08:25+03:00 INFO (6): Ссылка на картинку, где будем рисовать стрелки: Resource id #25
2016-08-04T04:08:25+03:00 INFO (6): Ссылка на выводимую картинку: Resource id #25
2016-08-04T04:08:25+03:00 INFO (6): Успех сохранения картинки в файл map.png c помощью png : 1
2016-08-04T04:08:25+03:00 INFO (6): Успешно отработал index.php
2016-08-04T04:11:37+03:00 INFO (6): Запущен index.php
2016-08-04T04:11:37+03:00 INFO (6): Подключаем функции пользователя earthundead
2016-08-04T04:11:37+03:00 INFO (6): функции пользователя earthundead успешно подключены
2016-08-04T04:11:37+03:00 INFO (6): Подключены функции для работы с данной конкретной БД на базе MySql пользователя earthundead
2016-08-04T04:11:37+03:00 INFO (6): Успешно отработали функции для работы с данной конкретной БД на базе MySql пользователя earthundead
2016-08-04T04:11:37+03:00 INFO (6): Подключен mysql
2016-08-04T04:11:37+03:00 INFO (6): Подключена БД = 1
2016-08-04T04:11:37+03:00 INFO (6): Подключены функции для нахождения кратчайшего пути пользователя earthundead
2016-08-04T04:11:37+03:00 INFO (6): Успешно отработали функции для нахождения кратчайшего пути пользователя earthundead
2016-08-04T04:11:37+03:00 INFO (6): Подключаем функции Для работы с изображениями пользователя earthundead
2016-08-04T04:11:37+03:00 INFO (6): функции Для работы с изображениями пользователя earthundead успешно подключены
2016-08-04T04:11:37+03:00 INFO (6): попытка подключения основной модуль тестовой программы на PHP пользователя earthundead
2016-08-04T04:11:37+03:00 INFO (6): Успешно подключен основной модуль тестовой программы на PHP пользователя earthundead
2016-08-04T04:11:37+03:00 INFO (6): Default Action is : viewform
2016-08-04T04:11:37+03:00 INFO (6): Использован вывод таблиц.
2016-08-04T04:11:37+03:00 INFO (6): Успешно отработал index.php
